[INFO] Error stacktraces are turned on.
[INFO] Scanning for projects...
[INFO]                                                                         
[INFO] ------------------------------------------------------------------------
[INFO] Building Graphing 0.0.1-SNAPSHOT
[INFO] ------------------------------------------------------------------------
[INFO] 
[INFO] --- maven-resources-plugin:2.5:resources (default-resources) @ graphing ---
[debug] execute contextualize
[WARNING] Using platform encoding (Cp1252 actually) to copy filtered resources, i.e. build is platform dependent!
[INFO] skip non existing resourceDirectory D:\workspace\org.dkeeney\statistics\target\clone\workspace\graphing\src\main\resources
[INFO] 
[INFO] --- maven-compiler-plugin:2.1:compile (default-compile) @ graphing ---
[WARNING] File encoding has not been set, using platform encoding Cp1252, i.e. build is platform dependent!
[INFO] Compiling 14 source files to D:\workspace\org.dkeeney\statistics\target\clone\workspace\graphing\target\classes
[INFO] 
[INFO] --- maven-resources-plugin:2.5:testResources (default-testResources) @ graphing ---
[debug] execute contextualize
[WARNING] Using platform encoding (Cp1252 actually) to copy filtered resources, i.e. build is platform dependent!
[INFO] Copying 0 resource
[INFO] 
[INFO] --- maven-compiler-plugin:2.1:testCompile (default-testCompile) @ graphing ---
[WARNING] File encoding has not been set, using platform encoding Cp1252, i.e. build is platform dependent!
[INFO] Compiling 3 source files to D:\workspace\org.dkeeney\statistics\target\clone\workspace\graphing\target\test-classes
[INFO] -------------------------------------------------------------
[ERROR] COMPILATION ERROR : 
[INFO] -------------------------------------------------------------
[ERROR] \workspace\org.dkeeney\statistics\target\clone\workspace\graphing\src\test\java\org\dkeeney\graphing\equations\EquationTest.java:[128,28] error: non-static method mapVariables(String,Map<String,Double>) cannot be referenced from a static context

[ERROR] \workspace\org.dkeeney\statistics\target\clone\workspace\graphing\src\test\java\org\dkeeney\graphing\equations\EquationTest.java:[142,24] error: non-static method mapVariables(String,Map<String,Double>) cannot be referenced from a static context

[INFO] 2 errors 
[INFO] -------------------------------------------------------------
[INFO] ------------------------------------------------------------------------
[INFO] BUILD FAILURE
[INFO] ------------------------------------------------------------------------
[INFO] Total time: 3.217s
[INFO] Finished at: Sun Feb 02 15:50:10 SGT 2014
[INFO] Final Memory: 13M/109M
[INFO] ------------------------------------------------------------------------
[ERROR] Failed to execute goal org.apache.maven.plugins:maven-compiler-plugin:2.1:testCompile (default-testCompile) on project graphing: Compilation failure: Compilation failure:
[ERROR] \workspace\org.dkeeney\statistics\target\clone\workspace\graphing\src\test\java\org\dkeeney\graphing\equations\EquationTest.java:[128,28] error: non-static method mapVariables(String,Map<String,Double>) cannot be referenced from a static context
[ERROR] 
[ERROR] \workspace\org.dkeeney\statistics\target\clone\workspace\graphing\src\test\java\org\dkeeney\graphing\equations\EquationTest.java:[142,24] error: non-static method mapVariables(String,Map<String,Double>) cannot be referenced from a static context
[ERROR] -> [Help 1]
org.apache.maven.lifecycle.LifecycleExecutionException: Failed to execute goal org.apache.maven.plugins:maven-compiler-plugin:2.1:testCompile (default-testCompile) on project graphing: Compilation failure
	at org.apache.maven.lifecycle.internal.MojoExecutor.execute(MojoExecutor.java:213)
	at org.apache.maven.lifecycle.internal.MojoExecutor.execute(MojoExecutor.java:153)
	at org.apache.maven.lifecycle.internal.MojoExecutor.execute(MojoExecutor.java:145)
	at org.apache.maven.lifecycle.internal.LifecycleModuleBuilder.buildProject(LifecycleModuleBuilder.java:84)
	at org.apache.maven.lifecycle.internal.LifecycleModuleBuilder.buildProject(LifecycleModuleBuilder.java:59)
	at org.apache.maven.lifecycle.internal.LifecycleStarter.singleThreadedBuild(LifecycleStarter.java:183)
	at org.apache.maven.lifecycle.internal.LifecycleStarter.execute(LifecycleStarter.java:161)
	at org.apache.maven.DefaultMaven.doExecute(DefaultMaven.java:320)
	at org.apache.maven.DefaultMaven.execute(DefaultMaven.java:156)
	at org.apache.maven.cli.MavenCli.execute(MavenCli.java:537)
	at org.apache.maven.cli.MavenCli.doMain(MavenCli.java:196)
	at org.apache.maven.cli.MavenCli.main(MavenCli.java:141)
	at sun.reflect.NativeMethodAccessorImpl.invoke0(Native Method)
	at sun.reflect.NativeMethodAccessorImpl.invoke(NativeMethodAccessorImpl.java:57)
	at sun.reflect.DelegatingMethodAccessorImpl.invoke(DelegatingMethodAccessorImpl.java:43)
	at java.lang.reflect.Method.invoke(Method.java:601)
	at org.codehaus.plexus.classworlds.launcher.Launcher.launchEnhanced(Launcher.java:290)
	at org.codehaus.plexus.classworlds.launcher.Launcher.launch(Launcher.java:230)
	at org.codehaus.plexus.classworlds.launcher.Launcher.mainWithExitCode(Launcher.java:409)
	at org.codehaus.plexus.classworlds.launcher.Launcher.main(Launcher.java:352)
Caused by: org.apache.maven.plugin.CompilationFailureException: Compilation failure
	at org.apache.maven.plugin.AbstractCompilerMojo.execute(AbstractCompilerMojo.java:613)
	at org.apache.maven.plugin.TestCompilerMojo.execute(TestCompilerMojo.java:146)
	at org.apache.maven.plugin.DefaultBuildPluginManager.executeMojo(DefaultBuildPluginManager.java:101)
	at org.apache.maven.lifecycle.internal.MojoExecutor.execute(MojoExecutor.java:209)
	... 19 more
[ERROR] 
[ERROR] Re-run Maven using the -X switch to enable full debug logging.
[ERROR] 
[ERROR] For more information about the errors and possible solutions, please read the following articles:
[ERROR] [Help 1] http://cwiki.apache.org/confluence/display/MAVEN/MojoFailureException
